<?xml version="1.0" encoding="UTF-8"?>
<testsuite xmlns:xsi="http://www.w3.org/2001/XMLSchema-instance" xsi:noNamespaceSchemaLocation="https://maven.apache.org/surefire/maven-surefire-plugin/xsd/surefire-test-report-3.0.xsd" version="3.0" name="runner.TestRunner" time="0.5" tests="1" errors="1" skipped="0" failures="0">
  <properties>
[...]
</properties>
  <testcase name="initializationError" classname="runner.TestRunner" time="0.008">
    <error message="Error parsing feature file Features/DataBaseFeature.feature" type="cucumber.runtime.CucumberException">cucumber.runtime.CucumberException: Error parsing feature file Features/DataBaseFeature.feature
Caused by: gherkin.lexer.LexingError: 
Lexing error on line 10: 'changes

%_FEATURE_END_%'. See http://wiki.github.com/cucumber/gherkin/lexingerror for more information.
</error>
  </testcase>
</testsuite>